[debug] [2025-10-01T18:03:20.438Z] ----------------------------------------------------------------------
[debug] [2025-10-01T18:03:20.440Z] Command:       C:\nvm4w\nodejs\node.exe C:\nvm4w\nodejs\node_modules\firebase-tools\lib\bin\firebase.js init
[debug] [2025-10-01T18:03:20.440Z] CLI Version:   14.17.0
[debug] [2025-10-01T18:03:20.440Z] Platform:      win32
[debug] [2025-10-01T18:03:20.440Z] Node Version:  v20.19.5
[debug] [2025-10-01T18:03:20.440Z] Time:          Wed Oct 01 2025 20:03:20 GMT+0200 (Central European Summer Time)
[debug] [2025-10-01T18:03:20.441Z] ----------------------------------------------------------------------
[debug] 
[debug] [2025-10-01T18:03:20.442Z] >>> [apiv2][query] GET https://firebase-public.firebaseio.com/cli.json [none]
[debug] [2025-10-01T18:03:20.595Z] > command requires scopes: ["email","openid","https://www.googleapis.com/auth/cloudplatformprojects.readonly","https://www.googleapis.com/auth/firebase","https://www.googleapis.com/auth/cloud-platform"]
[debug] [2025-10-01T18:03:20.595Z] > authorizing via signed-in user (ogaitnas.9615@gmail.com)
[info] 
     ######## #### ########  ######## ########     ###     ######  ########
     ##        ##  ##     ## ##       ##     ##  ##   ##  ##       ##
     ######    ##  ########  ######   ########  #########  ######  ######
     ##        ##  ##    ##  ##       ##     ## ##     ##       ## ##
     ##       #### ##     ## ######## ########  ##     ##  ######  ########

You're about to initialize a Firebase project in this directory:

  C:\Users\xsanc\Documents\6. TheStone\tstone-web

Before we get started, keep in mind:

  * You are initializing within an existing Firebase project directory

[debug] [2025-10-01T18:03:21.003Z] <<< [apiv2][status] GET https://firebase-public.firebaseio.com/cli.json 200
[debug] [2025-10-01T18:03:21.003Z] <<< [apiv2][body] GET https://firebase-public.firebaseio.com/cli.json {"cloudBuildErrorAfter":1594252800000,"cloudBuildWarnAfter":1590019200000,"defaultNode10After":1594252800000,"minVersion":"3.0.5","node8DeploysDisabledAfter":1613390400000,"node8RuntimeDisabledAfter":1615809600000,"node8WarnAfter":1600128000000}
[info] 
=== Project Setup
[info] 
[info] First, let's associate this project directory with a Firebase project.
[info] You can create multiple project aliases by running firebase use --add, 
[info] but for now we'll just set up a default project.
[info] 
[debug] [2025-10-01T18:03:39.967Z] Using project from CLI flag: your-firebase-project-id
[debug] [2025-10-01T18:03:39.968Z] Checked if tokens are valid: false, expires at: 1759097788869
[debug] [2025-10-01T18:03:39.968Z] Checked if tokens are valid: false, expires at: 1759097788869
[debug] [2025-10-01T18:03:39.968Z] > refreshing access token with scopes: []
[debug] [2025-10-01T18:03:39.969Z] >>> [apiv2][query] POST https://www.googleapis.com/oauth2/v3/token [none]
[debug] [2025-10-01T18:03:39.969Z] >>> [apiv2][body] POST https://www.googleapis.com/oauth2/v3/token [omitted]
[debug] [2025-10-01T18:03:40.231Z] <<< [apiv2][status] POST https://www.googleapis.com/oauth2/v3/token 200
[debug] [2025-10-01T18:03:40.231Z] <<< [apiv2][body] POST https://www.googleapis.com/oauth2/v3/token [omitted]
[debug] [2025-10-01T18:03:40.247Z] >>> [apiv2][query] GET https://firebase.googleapis.com/v1beta1/projects/your-firebase-project-id [none]
[debug] [2025-10-01T18:03:40.750Z] <<< [apiv2][status] GET https://firebase.googleapis.com/v1beta1/projects/your-firebase-project-id 403
[debug] [2025-10-01T18:03:40.750Z] <<< [apiv2][body] GET https://firebase.googleapis.com/v1beta1/projects/your-firebase-project-id {"error":{"code":403,"message":"The caller does not have permission","status":"PERMISSION_DENIED"}}
[debug] [2025-10-01T18:03:40.750Z] Request to https://firebase.googleapis.com/v1beta1/projects/your-firebase-project-id had HTTP Error: 403, The caller does not have permission
[debug] [2025-10-01T18:03:40.945Z] FirebaseError: Request to https://firebase.googleapis.com/v1beta1/projects/your-firebase-project-id had HTTP Error: 403, The caller does not have permission
    at responseToError (C:\Users\xsanc\AppData\Local\nvm\v20.19.5\node_modules\firebase-tools\lib\responseToError.js:52:12)
    at RetryOperation._fn (C:\Users\xsanc\AppData\Local\nvm\v20.19.5\node_modules\firebase-tools\lib\apiv2.js:312:77)
    at process.processTicksAndRejections (node:internal/process/task_queues:95:5)
[error] 
[error] Error: Failed to get Firebase project your-firebase-project-id. Please make sure the project exists and your account has permission to access it.
